Determining if the pthread_create exist failed with the following output:
Change Dir: /home/chen/control_ws/build/CMakeFiles/CMakeTmp

Run Build Command:"/usr/bin/make" "cmTC_f5b9f/fast"
/usr/bin/make -f CMakeFiles/cmTC_f5b9f.dir/build.make CMakeFiles/cmTC_f5b9f.dir/build
make[1]: Entering directory '/home/chen/control_ws/build/CMakeFiles/CMakeTmp'
Building C object CMakeFiles/cmTC_f5b9f.dir/CheckSymbolExists.c.o
/usr/bin/cc     -o CMakeFiles/cmTC_f5b9f.dir/CheckSymbolExists.c.o   -c /home/chen/control_ws/build/CMakeFiles/CMakeTmp/CheckSymbolExists.c
Linking C executable cmTC_f5b9f
/usr/bin/cmake -E cmake_link_script CMakeFiles/cmTC_f5b9f.dir/link.txt --verbose=1
/usr/bin/cc       CMakeFiles/cmTC_f5b9f.dir/CheckSymbolExists.c.o  -o cmTC_f5b9f -rdynamic 
CMakeFiles/cmTC_f5b9f.dir/CheckSymbolExists.c.o: In function `main':
CheckSymbolExists.c:(.text+0x16): undefined reference to `pthread_create'
collect2: error: ld returned 1 exit status
CMakeFiles/cmTC_f5b9f.dir/build.make:97: recipe for target 'cmTC_f5b9f' failed
make[1]: *** [cmTC_f5b9f] Error 1
make[1]: Leaving directory '/home/chen/control_ws/build/CMakeFiles/CMakeTmp'
Makefile:126: recipe for target 'cmTC_f5b9f/fast' failed
make: *** [cmTC_f5b9f/fast] Error 2

File /home/chen/control_ws/build/CMakeFiles/CMakeTmp/CheckSymbolExists.c:
/* */
#include <pthread.h>

int main(int argc, char** argv)
{
  (void)argv;
#ifndef pthread_create
  return ((int*)(&pthread_create))[argc];
#else
  (void)argc;
  return 0;
#endif
}

Determining if the function pthread_create exists in the pthreads failed with the following output:
Change Dir: /home/chen/control_ws/build/CMakeFiles/CMakeTmp

Run Build Command:"/usr/bin/make" "cmTC_dac9e/fast"
/usr/bin/make -f CMakeFiles/cmTC_dac9e.dir/build.make CMakeFiles/cmTC_dac9e.dir/build
make[1]: Entering directory '/home/chen/control_ws/build/CMakeFiles/CMakeTmp'
Building C object CMakeFiles/cmTC_dac9e.dir/CheckFunctionExists.c.o
/usr/bin/cc    -DCHECK_FUNCTION_EXISTS=pthread_create   -o CMakeFiles/cmTC_dac9e.dir/CheckFunctionExists.c.o   -c /usr/share/cmake-3.5/Modules/CheckFunctionExists.c
Linking C executable cmTC_dac9e
/usr/bin/cmake -E cmake_link_script CMakeFiles/cmTC_dac9e.dir/link.txt --verbose=1
/usr/bin/cc   -DCHECK_FUNCTION_EXISTS=pthread_create    CMakeFiles/cmTC_dac9e.dir/CheckFunctionExists.c.o  -o cmTC_dac9e -rdynamic -lpthreads 
/usr/bin/ld: cannot find -lpthreads
collect2: error: ld returned 1 exit status
CMakeFiles/cmTC_dac9e.dir/build.make:97: recipe for target 'cmTC_dac9e' failed
make[1]: *** [cmTC_dac9e] Error 1
make[1]: Leaving directory '/home/chen/control_ws/build/CMakeFiles/CMakeTmp'
Makefile:126: recipe for target 'cmTC_dac9e/fast' failed
make: *** [cmTC_dac9e/fast] Error 2


